{
  "RSpec": {
    "coverage": {
      "/Users/leopoldkwok/Google Drive/makersacademy/lessons/week4/battleships/lib/destroyer.rb": [
        1,
        null,
        1,
        null,
        1,
        null,
        1,
        null,
        1,
        2,
        2,
        null,
        null,
        null,
        null,
        null
      ],
      "/Users/leopoldkwok/Google Drive/makersacademy/lessons/week4/battleships/lib/ship.rb": [
        1,
        null,
        1,
        15,
        15,
        15,
        null,
        null,
        1,
        8,
        null,
        null,
        1,
        2,
        2,
        2,
        null,
        null,
        1,
        3,
        null,
        null,
        1,
        3,
        null,
        null,
        null,
        null
      ],
      "/Users/leopoldkwok/Google Drive/makersacademy/lessons/week4/battleships/lib/aircraft_carrier.rb": [
        1,
        null,
        1,
        null,
        1,
        null,
        1,
        null,
        1,
        2,
        2,
        null,
        null,
        null,
        null
      ],
      "/Users/leopoldkwok/Google Drive/makersacademy/lessons/week4/battleships/lib/battle_ship.rb": [
        1,
        null,
        1,
        null,
        1,
        null,
        1,
        null,
        1,
        2,
        2,
        null,
        null,
        null,
        null,
        null,
        null
      ],
      "/Users/leopoldkwok/Google Drive/makersacademy/lessons/week4/battleships/lib/board.rb": [
        null,
        null,
        1,
        null,
        1,
        1,
        null,
        1,
        0,
        0,
        0,
        0,
        null,
        null,
        1,
        0,
        0,
        null,
        0,
        0,
        null,
        null,
        1,
        0,
        0,
        null,
        null,
        null,
        1,
        0,
        0,
        null,
        null,
        null,
        null,
        1,
        0,
        0,
        0,
        null,
        null,
        1,
        0,
        null,
        null,
        1,
        0,
        null,
        null,
        1,
        0,
        0,
        null,
        null,
        1,
        0,
        null,
        null,
        1,
        0,
        0,
        null,
        null,
        null
      ],
      "/Users/leopoldkwok/Google Drive/makersacademy/lessons/week4/battleships/lib/cell.rb": [
        null,
        1,
        null,
        null,
        1,
        null,
        1,
        4206,
        4206,
        null,
        null,
        1,
        5,
        null,
        null,
        1,
        6,
        5,
        5,
        null,
        null,
        1,
        8,
        null,
        null,
        null,
        null
      ],
      "/Users/leopoldkwok/Google Drive/makersacademy/lessons/week4/battleships/lib/game.rb": [
        null,
        null,
        1,
        null,
        1,
        null,
        null,
        1,
        10,
        10,
        10,
        10,
        10,
        null,
        null,
        null,
        1,
        3,
        3,
        3,
        3,
        3,
        null,
        null,
        null,
        1,
        0,
        0,
        null,
        null,
        1,
        0,
        0,
        null,
        null,
        null,
        1,
        2,
        null,
        null,
        1,
        2,
        2,
        2,
        2,
        null,
        null,
        1,
        1,
        1,
        null,
        null,
        1,
        1,
        null,
        null,
        1,
        2,
        2,
        null,
        null,
        null,
        null
      ],
      "/Users/leopoldkwok/Google Drive/makersacademy/lessons/week4/battleships/lib/Board.rb": [
        null,
        null,
        1,
        null,
        1,
        1,
        null,
        1,
        41,
        41,
        41,
        41,
        null,
        null,
        1,
        12,
        11,
        null,
        11,
        11,
        null,
        null,
        1,
        1,
        3,
        null,
        null,
        null,
        1,
        1,
        3,
        null,
        null,
        null,
        null,
        1,
        4,
        3,
        3,
        null,
        null,
        1,
        14,
        null,
        null,
        1,
        18,
        null,
        null,
        1,
        7,
        7,
        null,
        null,
        1,
        2,
        null,
        null,
        1,
        3,
        3,
        null,
        null,
        null
      ],
      "/Users/leopoldkwok/Google Drive/makersacademy/lessons/week4/battleships/lib/grid.rb": [
        1,
        null,
        null,
        1,
        null,
        1,
        null,
        1,
        42,
        42,
        null,
        null,
        1,
        4242,
        null,
        null
      ],
      "/Users/leopoldkwok/Google Drive/makersacademy/lessons/week4/battleships/lib/patrol_boat.rb": [
        1,
        null,
        1,
        null,
        1,
        null,
        1,
        null,
        1,
        2,
        2,
        null,
        null,
        null,
        null
      ],
      "/Users/leopoldkwok/Google Drive/makersacademy/lessons/week4/battleships/lib/player.rb": [
        null,
        null,
        1,
        null,
        1,
        1,
        null,
        1,
        27,
        27,
        null,
        null,
        1,
        21,
        null,
        null,
        1,
        1,
        null,
        null,
        null,
        1,
        1,
        null,
        null,
        1,
        1,
        null,
        null,
        1,
        1,
        null,
        null,
        null,
        null,
        null,
        null,
        null
      ],
      "/Users/leopoldkwok/Google Drive/makersacademy/lessons/week4/battleships/lib/water.rb": [
        1,
        null,
        1,
        2,
        null,
        null,
        null
      ],
      "/Users/leopoldkwok/Google Drive/makersacademy/lessons/week4/battleships/lib/yellow_submarine.rb": [
        1,
        null,
        1,
        null,
        1,
        null,
        1,
        null,
        1,
        2,
        2,
        null,
        null,
        null
      ]
    },
    "timestamp": 1415980106
  }
}
